build/app/outputs/mapping/release/seeds.txt
io.flutter.view.FlutterView: int guessBottomKeyboardInset(android.view.WindowInsets)
io.flutter.plugins.sharedpreferences.R$id: int accessibility_custom_action_26
com.jcraft.jsch.SftpStatVFS: long getUsed()
io.flutter.embedding.engine.FlutterEngineConnectionRegistry: void detachFromBroadcastReceiver()
io.flutter.embedding.android.FlutterView: io.flutter.embedding.android.FlutterSurfaceView flutterSurfaceView
android.support.v4.media.AudioAttributesImplApi21Parcelizer: AudioAttributesImplApi21Parcelizer()
io.flutter.embedding.engine.FlutterEngine: io.flutter.embedding.engine.systemchannels.SystemChannel getSystemChannel()
io.flutter.embedding.android.FlutterFragmentActivity$NewEngineIntentBuilder: FlutterFragmentActivity$NewEngineIntentBuilder(java.lang.Class)
io.flutter.plugin.platform.SingleViewPresentation$ImmContext: SingleViewPresentation$ImmContext(android.content.Context)
androidx.fragment.app.Fragment: void startPostponedEnterTransition()
androidx.fragment.app.Fragment: boolean isVisible()
com.jcraft.jsch.IdentityRepository$Wrapper: boolean remove(byte[])
com.jcraft.jsch.SftpStatVFS: long getMountFlag()
io.flutter.app.FlutterActivityEvents: void onPause()
com.dexterous.flutterlocalnotifications.models.styles.BigTextStyleInformation: java.lang.String summaryText
io.flutter.plugins.urllauncher.R$id: int chronometer
com.jcraft.jsch.KeyPairPKCS8: com.jcraft.jsch.KeyPair kpair
io.flutter.embedding.engine.loader.FlutterApplicationInfo: java.lang.String nativeLibraryDir
com.jcraft.jsch.jce.ARCFOUR: void update(byte[],int,int,byte[],int)
com.jcraft.jsch.Cipher: boolean isCBC()
androidx.appcompat.widget.AppCompatCheckBox: void setBackgroundResource(int)
io.flutter.plugins.pathprovider.PathProviderPlugin: void executeInBackground(java.util.concurrent.Callable,io.flutter.plugin.common.MethodChannel$Result)
io.flutter.plugins.pathprovider.PathProviderPlugin: java.lang.String getPathProviderTemporaryDirectory()
io.flutter.plugin.mouse.MouseCursorPlugin
com.jcraft.jsch.jce.KeyPairGenECDSA: byte[] d
com.jcraft.jsch.Session$Forwarding
androidx.appcompat.widget.SearchView$SearchAutoComplete: void setThreshold(int)
io.flutter.embedding.android.FlutterImageView: FlutterImageView(android.content.Context,android.media.ImageReader,io.flutter.embedding.android.FlutterImageView$SurfaceKind)
io.flutter.view.AccessibilityBridge: void sendWindowContentChangeEvent(int)
com.jcraft.jsch.DHECN: DHECN()
io.flutter.embedding.engine.dart.DartExecutor: io.flutter.plugin.common.BinaryMessenger$BinaryMessageHandler isolateChannelMessageHandler
com.jcraft.jsch.ChannelExec: void run()
com.jcraft.jsch.jce.AES192CBC: int getBlockSize()
io.flutter.embedding.android.FlutterActivity: io.flutter.embedding.android.FlutterActivity$CachedEngineIntentBuilder withCachedEngine(java.lang.String)
io.flutter.plugin.common.FlutterException: FlutterException(java.lang.String,java.lang.String,java.lang.Object)
com.jcraft.jsch.KnownHosts: java.lang.String _known_hosts
io.flutter.embedding.engine.FlutterEngineConnectionRegistry: java.util.Map plugins
io.flutter.embedding.engine.FlutterEngineGroup: FlutterEngineGroup(android.content.Context)
io.flutter.app.FlutterPluginRegistry: void attach(io.flutter.view.FlutterView,android.app.Activity)
com.jcraft.jsch.ChannelExec: void setEnv(byte[],byte[])
androidx.appcompat.widget.SearchView: int getPreferredWidth()
io.flutter.embedding.engine.systemchannels.TextInputChannel$TextEditState: int selectionEnd
io.flutter.embedding.engine.renderer.FlutterRenderer: io.flutter.view.TextureRegistry$SurfaceTextureEntry createSurfaceTexture()
io.flutter.plugin.editing.ListenableEditingState$1: io.flutter.plugin.editing.ListenableEditingState this$0
io.flutter.embedding.engine.loader.ResourceExtractor$ExtractTask
android.support.v4.media.MediaMetadataCompat: android.os.Parcelable$Creator CREATOR
io.flutter.embedding.engine.systemchannels.PlatformViewsChannel$PlatformViewResizeRequest: PlatformViewsChannel$PlatformViewResizeRequest(int,double,double)