build/app/outputs/mapping/release/mapping.txt
# compiler: R8
# compiler_version: 2.1.62
# min_api: 21
# pg_map_id: 39b10d0
# common_typos_disable
...
com.google.android.exoplayer2.mediacodec.MediaCodecUtil$DecoderQueryException -> c.a.a.a.i2.v$c:
com.google.android.exoplayer2.mediacodec.MediaCodecUtil$MediaCodecListCompat -> c.a.a.a.i2.v$d:
    android.media.MediaCodecInfo getCodecInfoAt(int) -> a
    boolean isFeatureRequired(java.lang.String,java.lang.String,android.media.MediaCodecInfo$CodecCapabilities) -> b
    int getCodecCount() -> c
    boolean isFeatureSupported(java.lang.String,java.lang.String,android.media.MediaCodecInfo$CodecCapabilities) -> d
    boolean secureDecodersExplicit() -> e
com.google.android.exoplayer2.mediacodec.MediaCodecUtil$MediaCodecListCompatV16 -> c.a.a.a.i2.v$e:
    android.media.MediaCodecInfo getCodecInfoAt(int) -> a
    boolean isFeatureRequired(java.lang.String,java.lang.String,android.media.MediaCodecInfo$CodecCapabilities) -> b
    int getCodecCount() -> c
    boolean isFeatureSupported(java.lang.String,java.lang.String,android.media.MediaCodecInfo$CodecCapabilities) -> d
    boolean secureDecodersExplicit() -> e
com.google.android.exoplayer2.mediacodec.MediaCodecUtil$MediaCodecListCompatV21 -> c.a.a.a.i2.v$f:
    android.media.MediaCodecInfo[] mediaCodecInfos -> b
    int codecKind -> a
    android.media.MediaCodecInfo getCodecInfoAt(int) -> a
    boolean isFeatureRequired(java.lang.String,java.lang.String,android.media.MediaCodecInfo$CodecCapabilities) -> b
    int getCodecCount() -> c
    boolean isFeatureSupported(java.lang.String,java.lang.String,android.media.MediaCodecInfo$CodecCapabilities) -> d
    boolean secureDecodersExplicit() -> e
    void ensureMediaCodecInfosInitialized() -> f
com.google.android.exoplayer2.mediacodec.MediaCodecUtil$ScoreProvider -> c.a.a.a.i2.v$g:
    int getScore(java.lang.Object) -> a
com.google.android.exoplayer2.mediacodec.MediaFormatUtil -> c.a.a.a.i2.w:
    void maybeSetByteBuffer(android.media.MediaFormat,java.lang.String,byte[]) -> a
    void maybeSetColorInfo(android.media.MediaFormat,com.google.android.exoplayer2.video.ColorInfo) -> b
    void maybeSetFloat(android.media.MediaFormat,java.lang.String,float) -> c
    void maybeSetInteger(android.media.MediaFormat,java.lang.String,int) -> d
    void setCsdBuffers(android.media.MediaFormat,java.util.List) -> e
com.google.android.exoplayer2.mediacodec.SynchronousMediaCodecAdapter -> c.a.a.a.i2.x:
    android.media.MediaCodec codec -> a
    java.nio.ByteBuffer[] outputByteBuffers -> c
    java.nio.ByteBuffer[] inputByteBuffers -> b
    int dequeueOutputBufferIndex(android.media.MediaCodec$BufferInfo) -> a
    void configure(android.media.MediaFormat,android.view.Surface,android.media.MediaCrypto,int) -> b
    void setOnFrameRenderedListener(com.google.android.exoplayer2.mediacodec.MediaCodecAdapter$OnFrameRenderedListener,android.os.Handler) -> c
    void releaseOutputBuffer(int,boolean) -> d
    void queueSecureInputBuffer(int,int,com.google.android.exoplayer2.decoder.CryptoInfo,long,int) -> e
    void setVideoScalingMode(int) -> f
    android.media.MediaFormat getOutputFormat() -> g
    java.nio.ByteBuffer getInputBuffer(int) -> h
    void setOutputSurface(android.view.Surface) -> i
    void queueInputBuffer(int,int,int,long,int) -> j
    void setParameters(android.os.Bundle) -> k
    java.nio.ByteBuffer getOutputBuffer(int) -> l
    void releaseOutputBuffer(int,long) -> m
    int dequeueInputBufferIndex() -> n
    void lambda$setOnFrameRenderedListener$0(com.google.android.exoplayer2.mediacodec.MediaCodecAdapter$OnFrameRenderedListener,android.media.MediaCodec,long,long) -> o
    void lambda$setOnFrameRenderedListener$0$SynchronousMediaCodecAdapter(com.google.android.exoplayer2.mediacodec.MediaCodecAdapter$OnFrameRenderedListener,android.media.MediaCodec,long,long) -> p
com.google.android.exoplayer2.mediacodec.SynchronousMediaCodecAdapter$1 -> c.a.a.a.i2.x$a: